Determining if the pthread_create exist failed with the following output:
Change Dir: /home/joe/repos/GummiArm/orchestration/packages/build/CMakeFiles/CMakeTmp

<<<<<<< HEAD
<<<<<<< HEAD
Run Build Command:"/usr/bin/make" "cmTC_2cb54/fast"
/usr/bin/make -f CMakeFiles/cmTC_2cb54.dir/build.make CMakeFiles/cmTC_2cb54.dir/build
make[1]: Entering directory '/home/joe/repos/GummiArm/orchestration/packages/build/CMakeFiles/CMakeTmp'
Building C object CMakeFiles/cmTC_2cb54.dir/CheckSymbolExists.c.o
/usr/bin/cc     -o CMakeFiles/cmTC_2cb54.dir/CheckSymbolExists.c.o   -c /home/joe/repos/GummiArm/orchestration/packages/build/CMakeFiles/CMakeTmp/CheckSymbolExists.c
Linking C executable cmTC_2cb54
/usr/bin/cmake -E cmake_link_script CMakeFiles/cmTC_2cb54.dir/link.txt --verbose=1
/usr/bin/cc       CMakeFiles/cmTC_2cb54.dir/CheckSymbolExists.c.o  -o cmTC_2cb54 -rdynamic 
CMakeFiles/cmTC_2cb54.dir/CheckSymbolExists.c.o: In function `main':
CheckSymbolExists.c:(.text+0x16): undefined reference to `pthread_create'
collect2: error: ld returned 1 exit status
CMakeFiles/cmTC_2cb54.dir/build.make:97: recipe for target 'cmTC_2cb54' failed
make[1]: *** [cmTC_2cb54] Error 1
make[1]: Leaving directory '/home/joe/repos/GummiArm/orchestration/packages/build/CMakeFiles/CMakeTmp'
Makefile:126: recipe for target 'cmTC_2cb54/fast' failed
make: *** [cmTC_2cb54/fast] Error 2
=======
Run Build Command:"/usr/bin/make" "cmTC_4e292/fast"
/usr/bin/make -f CMakeFiles/cmTC_4e292.dir/build.make CMakeFiles/cmTC_4e292.dir/build
make[1]: Entering directory '/home/joe/repos/GummiArm/orchestration/packages/build/CMakeFiles/CMakeTmp'
Building C object CMakeFiles/cmTC_4e292.dir/CheckSymbolExists.c.o
/usr/bin/cc     -o CMakeFiles/cmTC_4e292.dir/CheckSymbolExists.c.o   -c /home/joe/repos/GummiArm/orchestration/packages/build/CMakeFiles/CMakeTmp/CheckSymbolExists.c
Linking C executable cmTC_4e292
/usr/bin/cmake -E cmake_link_script CMakeFiles/cmTC_4e292.dir/link.txt --verbose=1
/usr/bin/cc       CMakeFiles/cmTC_4e292.dir/CheckSymbolExists.c.o  -o cmTC_4e292 -rdynamic 
CMakeFiles/cmTC_4e292.dir/CheckSymbolExists.c.o: In function `main':
CheckSymbolExists.c:(.text+0x16): undefined reference to `pthread_create'
collect2: error: ld returned 1 exit status
CMakeFiles/cmTC_4e292.dir/build.make:97: recipe for target 'cmTC_4e292' failed
make[1]: *** [cmTC_4e292] Error 1
make[1]: Leaving directory '/home/joe/repos/GummiArm/orchestration/packages/build/CMakeFiles/CMakeTmp'
Makefile:126: recipe for target 'cmTC_4e292/fast' failed
make: *** [cmTC_4e292/fast] Error 2
>>>>>>> 22d720dd8eeb38a1c91a615621f1b924b9509575
=======
Run Build Command:"/usr/bin/make" "cmTC_5369b/fast"
/usr/bin/make -f CMakeFiles/cmTC_5369b.dir/build.make CMakeFiles/cmTC_5369b.dir/build
make[1]: Entering directory '/home/joe/repos/GummiArm/orchestration/packages/build/CMakeFiles/CMakeTmp'
Building C object CMakeFiles/cmTC_5369b.dir/CheckSymbolExists.c.o
/usr/bin/cc     -o CMakeFiles/cmTC_5369b.dir/CheckSymbolExists.c.o   -c /home/joe/repos/GummiArm/orchestration/packages/build/CMakeFiles/CMakeTmp/CheckSymbolExists.c
Linking C executable cmTC_5369b
/usr/bin/cmake -E cmake_link_script CMakeFiles/cmTC_5369b.dir/link.txt --verbose=1
/usr/bin/cc       CMakeFiles/cmTC_5369b.dir/CheckSymbolExists.c.o  -o cmTC_5369b -rdynamic 
CMakeFiles/cmTC_5369b.dir/CheckSymbolExists.c.o: In function `main':
CheckSymbolExists.c:(.text+0x16): undefined reference to `pthread_create'
collect2: error: ld returned 1 exit status
CMakeFiles/cmTC_5369b.dir/build.make:97: recipe for target 'cmTC_5369b' failed
make[1]: *** [cmTC_5369b] Error 1
make[1]: Leaving directory '/home/joe/repos/GummiArm/orchestration/packages/build/CMakeFiles/CMakeTmp'
Makefile:126: recipe for target 'cmTC_5369b/fast' failed
make: *** [cmTC_5369b/fast] Error 2
>>>>>>> ddc5e9996d88481ad2ca5b84a445fcc6903c6a23

File /home/joe/repos/GummiArm/orchestration/packages/build/CMakeFiles/CMakeTmp/CheckSymbolExists.c:
/* */
#include <pthread.h>

int main(int argc, char** argv)
{
  (void)argv;
#ifndef pthread_create
  return ((int*)(&pthread_create))[argc];
#else
  (void)argc;
  return 0;
#endif
}

Determining if the function pthread_create exists in the pthreads failed with the following output:
Change Dir: /home/joe/repos/GummiArm/orchestration/packages/build/CMakeFiles/CMakeTmp

<<<<<<< HEAD
<<<<<<< HEAD
Run Build Command:"/usr/bin/make" "cmTC_e3ae2/fast"
/usr/bin/make -f CMakeFiles/cmTC_e3ae2.dir/build.make CMakeFiles/cmTC_e3ae2.dir/build
make[1]: Entering directory '/home/joe/repos/GummiArm/orchestration/packages/build/CMakeFiles/CMakeTmp'
Building C object CMakeFiles/cmTC_e3ae2.dir/CheckFunctionExists.c.o
/usr/bin/cc    -DCHECK_FUNCTION_EXISTS=pthread_create   -o CMakeFiles/cmTC_e3ae2.dir/CheckFunctionExists.c.o   -c /usr/share/cmake-3.5/Modules/CheckFunctionExists.c
Linking C executable cmTC_e3ae2
/usr/bin/cmake -E cmake_link_script CMakeFiles/cmTC_e3ae2.dir/link.txt --verbose=1
/usr/bin/cc   -DCHECK_FUNCTION_EXISTS=pthread_create    CMakeFiles/cmTC_e3ae2.dir/CheckFunctionExists.c.o  -o cmTC_e3ae2 -rdynamic -lpthreads 
/usr/bin/ld: cannot find -lpthreads
collect2: error: ld returned 1 exit status
CMakeFiles/cmTC_e3ae2.dir/build.make:97: recipe for target 'cmTC_e3ae2' failed
make[1]: *** [cmTC_e3ae2] Error 1
make[1]: Leaving directory '/home/joe/repos/GummiArm/orchestration/packages/build/CMakeFiles/CMakeTmp'
Makefile:126: recipe for target 'cmTC_e3ae2/fast' failed
make: *** [cmTC_e3ae2/fast] Error 2
=======
Run Build Command:"/usr/bin/make" "cmTC_57db9/fast"
/usr/bin/make -f CMakeFiles/cmTC_57db9.dir/build.make CMakeFiles/cmTC_57db9.dir/build
make[1]: Entering directory '/home/joe/repos/GummiArm/orchestration/packages/build/CMakeFiles/CMakeTmp'
Building C object CMakeFiles/cmTC_57db9.dir/CheckFunctionExists.c.o
/usr/bin/cc    -DCHECK_FUNCTION_EXISTS=pthread_create   -o CMakeFiles/cmTC_57db9.dir/CheckFunctionExists.c.o   -c /usr/share/cmake-3.5/Modules/CheckFunctionExists.c
Linking C executable cmTC_57db9
/usr/bin/cmake -E cmake_link_script CMakeFiles/cmTC_57db9.dir/link.txt --verbose=1
/usr/bin/cc   -DCHECK_FUNCTION_EXISTS=pthread_create    CMakeFiles/cmTC_57db9.dir/CheckFunctionExists.c.o  -o cmTC_57db9 -rdynamic -lpthreads 
/usr/bin/ld: cannot find -lpthreads
collect2: error: ld returned 1 exit status
CMakeFiles/cmTC_57db9.dir/build.make:97: recipe for target 'cmTC_57db9' failed
make[1]: *** [cmTC_57db9] Error 1
make[1]: Leaving directory '/home/joe/repos/GummiArm/orchestration/packages/build/CMakeFiles/CMakeTmp'
Makefile:126: recipe for target 'cmTC_57db9/fast' failed
make: *** [cmTC_57db9/fast] Error 2
>>>>>>> 22d720dd8eeb38a1c91a615621f1b924b9509575
=======
Run Build Command:"/usr/bin/make" "cmTC_e8d31/fast"
/usr/bin/make -f CMakeFiles/cmTC_e8d31.dir/build.make CMakeFiles/cmTC_e8d31.dir/build
make[1]: Entering directory '/home/joe/repos/GummiArm/orchestration/packages/build/CMakeFiles/CMakeTmp'
Building C object CMakeFiles/cmTC_e8d31.dir/CheckFunctionExists.c.o
/usr/bin/cc    -DCHECK_FUNCTION_EXISTS=pthread_create   -o CMakeFiles/cmTC_e8d31.dir/CheckFunctionExists.c.o   -c /usr/share/cmake-3.5/Modules/CheckFunctionExists.c
Linking C executable cmTC_e8d31
/usr/bin/cmake -E cmake_link_script CMakeFiles/cmTC_e8d31.dir/link.txt --verbose=1
/usr/bin/cc   -DCHECK_FUNCTION_EXISTS=pthread_create    CMakeFiles/cmTC_e8d31.dir/CheckFunctionExists.c.o  -o cmTC_e8d31 -rdynamic -lpthreads 
/usr/bin/ld: cannot find -lpthreads
collect2: error: ld returned 1 exit status
CMakeFiles/cmTC_e8d31.dir/build.make:97: recipe for target 'cmTC_e8d31' failed
make[1]: *** [cmTC_e8d31] Error 1
make[1]: Leaving directory '/home/joe/repos/GummiArm/orchestration/packages/build/CMakeFiles/CMakeTmp'
Makefile:126: recipe for target 'cmTC_e8d31/fast' failed
make: *** [cmTC_e8d31/fast] Error 2
>>>>>>> ddc5e9996d88481ad2ca5b84a445fcc6903c6a23


